<?xml version="1.0" encoding="UTF-8"?>
<testsuite name="test_deliver_product_tests.TestDeliverProduct-20230427132115" tests="6" file="test_deliver_product_tests.py" time="0.168" timestamp="2023-04-27T13:21:16" failures="0" errors="0" skipped="0">
	<testcase classname="test_deliver_product_tests.TestDeliverProduct" name="test_deliver_product_bad_date_signature" time="0.088" timestamp="2023-04-27T13:21:16"/>
	<testcase classname="test_deliver_product_tests.TestDeliverProduct" name="test_deliver_product_no_date" time="0.016" timestamp="2023-04-27T13:21:16"/>
	<testcase classname="test_deliver_product_tests.TestDeliverProduct" name="test_deliver_product_no_shipments_store" time="0.016" timestamp="2023-04-27T13:21:16"/>
	<testcase classname="test_deliver_product_tests.TestDeliverProduct" name="test_deliver_product_ok" time="0.016" timestamp="2023-04-27T13:21:16"/>
	<testcase classname="test_deliver_product_tests.TestDeliverProduct" name="test_deliver_product_shipments_store_is_empty" time="0.016" timestamp="2023-04-27T13:21:16"/>
	<testcase classname="test_deliver_product_tests.TestDeliverProduct" name="test_tracking_code_not_found_date_signature" time="0.016" timestamp="2023-04-27T13:21:16"/>
</testsuite>
