<?xml version="1.0" encoding="UTF-8"?>
<testsuite name="test_send_product_tests.TestSendProduct-20230427132115" tests="4" file="test_send_product_tests.py" time="0.456" timestamp="2023-04-27T13:21:17" failures="0" errors="0" skipped="0">
	<testcase classname="test_send_product_tests.TestSendProduct" name="test_get_vaccine_date_no_ok_data_manipulated" time="0.008" timestamp="2023-04-27T13:21:16"/>
	<testcase classname="test_send_product_tests.TestSendProduct" name="test_get_vaccine_date_no_ok_parameter" time="0.416" timestamp="2023-04-27T13:21:17"/>
	<testcase classname="test_send_product_tests.TestSendProduct" name="test_send_product_premium" time="0.016" timestamp="2023-04-27T13:21:17"/>
	<testcase classname="test_send_product_tests.TestSendProduct" name="test_send_product_regular" time="0.016" timestamp="2023-04-27T13:21:17"/>
</testsuite>
